
=== Mon Mar 18 10:10:16 2019

Packages were changed.
Update Mode: updateDependencies

The following packages were added:
  com.unity.collab-proxy@1.2.15
The following packages were updated:
  com.unity.analytics from version 2.0.16 to 3.2.2
  com.unity.package-manager-ui from version 1.9.11 to 2.0.3
  com.unity.textmeshpro from version 1.2.4 to 1.3.0

=== Sat Jul 18 18:49:14 2020

Packages were changed.
Update Mode: updateDependencies

The following packages were added:
  com.unity.2d.sprite@1.0.0
  com.unity.2d.tilemap@1.0.0
  com.unity.ide.rider@1.1.4
  com.unity.ide.vscode@1.2.0
  com.unity.modules.androidjni@1.0.0
  com.unity.multiplayer-hlapi@1.0.4
  com.unity.test-framework@1.1.14
  com.unity.timeline@1.2.6
  com.unity.ugui@1.0.0
  com.unity.xr.legacyinputhelpers@2.1.4
The following packages were updated:
  com.unity.ads from version 2.0.8 to 3.4.5
  com.unity.analytics from version 3.2.2 to 3.3.5
  com.unity.collab-proxy from version 1.2.15 to 1.2.16
  com.unity.purchasing from version 2.0.3 to 2.0.6
  com.unity.textmeshpro from version 1.3.0 to 2.0.1
The following packages were removed:
  com.unity.package-manager-ui@2.0.3

=== Sun Jul 19 18:46:16 2020

Packages were changed.
Update Mode: updateDependencies

The following packages were updated:
  com.unity.ads from version 3.4.5 to 3.4.7
  com.unity.ide.vscode from version 1.2.0 to 1.2.1
  com.unity.multiplayer-hlapi from version 1.0.4 to 1.0.6

=== Sat Mar 26 02:40:59 2022

Packages were changed.
Update Mode: updateDependencies

The following packages were added:
  com.unity.ide.visualstudio@2.0.14
The following packages were updated:
  com.unity.ads from version 3.4.7 to 3.7.5
  com.unity.analytics from version 3.3.5 to 3.6.12
  com.unity.collab-proxy from version 1.2.16 to 1.14.13
  com.unity.ide.rider from version 1.1.4 to 1.2.1
  com.unity.ide.vscode from version 1.2.1 to 1.2.5
  com.unity.multiplayer-hlapi from version 1.0.6 to 1.0.8
  com.unity.purchasing from version 2.0.6 to 4.1.3
  com.unity.test-framework from version 1.1.14 to 1.1.31
  com.unity.textmeshpro from version 2.0.1 to 2.1.4
  com.unity.timeline from version 1.2.6 to 1.2.18
  com.unity.xr.legacyinputhelpers from version 2.1.4 to 2.1.9

=== Fri Jan 19 12:51:01 2024

Packages were changed.
Update Mode: updateDependencies

The following packages were added:
  com.unity.ai.navigation@1.1.5
The following packages were updated:
  com.unity.ads from version 3.7.5 to 4.4.2
  com.unity.analytics from version 3.6.12 to 3.8.1
  com.unity.collab-proxy from version 1.14.13 to 2.2.0
  com.unity.ide.rider from version 1.2.1 to 3.0.25
  com.unity.ide.visualstudio from version 2.0.14 to 2.0.21
  com.unity.postprocessing from version 2.3.0 to 3.2.2
  com.unity.purchasing from version 4.1.3 to 4.9.3
  com.unity.render-pipelines.universal from version 7.3.1 to 14.0.9
  com.unity.test-framework from version 1.1.31 to 1.1.33
  com.unity.textmeshpro from version 2.1.4 to 3.0.6
  com.unity.timeline from version 1.2.18 to 1.7.6
  com.unity.xr.legacyinputhelpers from version 2.1.9 to 2.1.10
The following packages were removed:
  com.unity.multiplayer-hlapi@1.0.8
